<?xml version="1.0" encoding="UTF-8"?>
<!-- Generated by org.testng.reporters.JUnitXMLReporter -->
<testsuite hostname="A6145221" ignored="0" name="Default test" tests="4" failures="0" timestamp="17 Apr 2019 10:48:34 GMT" time="0.056" errors="0">
  <testcase name="homeRegression3" time="0.011" classname="regression.RegressionTestCase3"/>
  <testcase name="loginRegression3" time="0.001" classname="regression.RegressionTestCase3"/>
  <testcase name="logoutRegression3" time="0.002" classname="regression.RegressionTestCase3"/>
  <testcase name="searchRegression3" time="0.002" classname="regression.RegressionTestCase3"/>
</testsuite> <!-- Default test -->
