<?xml version="1.0" encoding="UTF-8"?>
<!-- Generated by org.testng.reporters.JUnitXMLReporter -->
<testsuite hostname="A6145221" ignored="0" name="Default test" tests="5" failures="0" timestamp="24 Apr 2019 00:34:10 GMT" time="47.116" errors="0">
  <testcase name="uiValidation" time="0.682" classname="mypackage.Assign9"/>
  <testcase name="uiValidation" time="0.545" classname="mypackage.Assign9"/>
  <testcase name="uiValidation" time="0.756" classname="mypackage.Assign9"/>
  <testcase name="uiValidation" time="0.255" classname="mypackage.Assign9"/>
  <testcase name="uiValidation" time="0.237" classname="mypackage.Assign9"/>
</testsuite> <!-- Default test -->
