<?xml version="1.0" encoding="UTF-8"?>
<!-- Generated by org.testng.reporters.JUnitXMLReporter -->
<testsuite hostname="A6145221" ignored="32" name="firstclass" tests="16" failures="0" timestamp="17 Apr 2019 10:50:35 GMT" time="0.077" errors="0">
  <testcase name="homeAcceptance1" time="0.013" classname="acceptanceTesting.AcceptanceTestcase1"/>
  <testcase name="loginAcceptance1" time="0.001" classname="acceptanceTesting.AcceptanceTestcase1"/>
  <testcase name="logoutAcceptance1" time="0.001" classname="acceptanceTesting.AcceptanceTestcase1"/>
  <testcase name="searchAcceptance1" time="0.001" classname="acceptanceTesting.AcceptanceTestcase1"/>
  <testcase name="homeRegression1" time="0.001" classname="regression.RegressionTestCase1"/>
  <testcase name="loginRegression1" time="0.001" classname="regression.RegressionTestCase1"/>
  <testcase name="logoutRegression1" time="0.001" classname="regression.RegressionTestCase1"/>
  <testcase name="searchRegression1" time="0.001" classname="regression.RegressionTestCase1"/>
  <testcase name="homeSanity1" time="0.001" classname="sanity.SanityTestCase1"/>
  <testcase name="loginSanity1" time="0.0" classname="sanity.SanityTestCase1"/>
  <testcase name="logoutSanity1" time="0.001" classname="sanity.SanityTestCase1"/>
  <testcase name="searchSanity1" time="0.001" classname="sanity.SanityTestCase1"/>
  <testcase name="homeSystemTesting1" time="0.001" classname="systemTesting.SystemTestCase1"/>
  <testcase name="loginSystemTesting1" time="0.001" classname="systemTesting.SystemTestCase1"/>
  <testcase name="logoutSystemTesting1" time="0.001" classname="systemTesting.SystemTestCase1"/>
  <testcase name="searchSystemTesting1" time="0.001" classname="systemTesting.SystemTestCase1"/>
  <testcase name="loginSanity3" time="0.0" classname="sanity.SanityTestCase3">
    <ignored/>
  </testcase> <!-- loginSanity3 -->
  <testcase name="homeRegression2" time="0.0" classname="regression.RegressionTestCase2">
    <ignored/>
  </testcase> <!-- homeRegression2 -->
  <testcase name="homeRegression3" time="0.0" classname="regression.RegressionTestCase3">
    <ignored/>
  </testcase> <!-- homeRegression3 -->
  <testcase name="logoutRegression2" time="0.0" classname="regression.RegressionTestCase2">
    <ignored/>
  </testcase> <!-- logoutRegression2 -->
  <testcase name="searchSystemTesting3" time="0.0" classname="systemTesting.SystemTestCase3">
    <ignored/>
  </testcase> <!-- searchSystemTesting3 -->
  <testcase name="logoutAcceptance2" time="0.0" classname="acceptanceTesting.AcceptanceTestcase2">
    <ignored/>
  </testcase> <!-- logoutAcceptance2 -->
  <testcase name="searchAcceptance2" time="0.0" classname="acceptanceTesting.AcceptanceTestcase2">
    <ignored/>
  </testcase> <!-- searchAcceptance2 -->
  <testcase name="homeSanity3" time="0.0" classname="sanity.SanityTestCase3">
    <ignored/>
  </testcase> <!-- homeSanity3 -->
  <testcase name="homeSanity2" time="0.0" classname="sanity.SanityTestCase2">
    <ignored/>
  </testcase> <!-- homeSanity2 -->
  <testcase name="loginRegression2" time="0.0" classname="regression.RegressionTestCase2">
    <ignored/>
  </testcase> <!-- loginRegression2 -->
  <testcase name="loginRegression3" time="0.0" classname="regression.RegressionTestCase3">
    <ignored/>
  </testcase> <!-- loginRegression3 -->
  <testcase name="loginAcceptance2" time="0.0" classname="acceptanceTesting.AcceptanceTestcase2">
    <ignored/>
  </testcase> <!-- loginAcceptance2 -->
  <testcase name="loginAcceptance3" time="0.0" classname="acceptanceTesting.AcceptanceTestcase3">
    <ignored/>
  </testcase> <!-- loginAcceptance3 -->
  <testcase name="logoutAcceptance3" time="0.0" classname="acceptanceTesting.AcceptanceTestcase3">
    <ignored/>
  </testcase> <!-- logoutAcceptance3 -->
  <testcase name="searchRegression2" time="0.0" classname="regression.RegressionTestCase2">
    <ignored/>
  </testcase> <!-- searchRegression2 -->
  <testcase name="searchAcceptance3" time="0.0" classname="acceptanceTesting.AcceptanceTestcase3">
    <ignored/>
  </testcase> <!-- searchAcceptance3 -->
  <testcase name="searchRegression3" time="0.0" classname="regression.RegressionTestCase3">
    <ignored/>
  </testcase> <!-- searchRegression3 -->
  <testcase name="logoutRegression3" time="0.0" classname="regression.RegressionTestCase3">
    <ignored/>
  </testcase> <!-- logoutRegression3 -->
  <testcase name="searchSanity2" time="0.0" classname="sanity.SanityTestCase2">
    <ignored/>
  </testcase> <!-- searchSanity2 -->
  <testcase name="searchSanity3" time="0.0" classname="sanity.SanityTestCase3">
    <ignored/>
  </testcase> <!-- searchSanity3 -->
  <testcase name="loginSystemTesting2" time="0.0" classname="systemTesting.SystemTestCase2">
    <ignored/>
  </testcase> <!-- loginSystemTesting2 -->
  <testcase name="loginSystemTesting3" time="0.0" classname="systemTesting.SystemTestCase3">
    <ignored/>
  </testcase> <!-- loginSystemTesting3 -->
  <testcase name="searchSystemTesting2" time="0.0" classname="systemTesting.SystemTestCase2">
    <ignored/>
  </testcase> <!-- searchSystemTesting2 -->
  <testcase name="homeAcceptance2" time="0.0" classname="acceptanceTesting.AcceptanceTestcase2">
    <ignored/>
  </testcase> <!-- homeAcceptance2 -->
  <testcase name="homeAcceptance3" time="0.0" classname="acceptanceTesting.AcceptanceTestcase3">
    <ignored/>
  </testcase> <!-- homeAcceptance3 -->
  <testcase name="homeSystemTesting2" time="0.0" classname="systemTesting.SystemTestCase2">
    <ignored/>
  </testcase> <!-- homeSystemTesting2 -->
  <testcase name="homeSystemTesting3" time="0.0" classname="systemTesting.SystemTestCase3">
    <ignored/>
  </testcase> <!-- homeSystemTesting3 -->
  <testcase name="logoutSystemTesting2" time="0.0" classname="systemTesting.SystemTestCase2">
    <ignored/>
  </testcase> <!-- logoutSystemTesting2 -->
  <testcase name="logoutSystemTesting3" time="0.0" classname="systemTesting.SystemTestCase3">
    <ignored/>
  </testcase> <!-- logoutSystemTesting3 -->
  <testcase name="loginSanity2" time="0.0" classname="sanity.SanityTestCase2">
    <ignored/>
  </testcase> <!-- loginSanity2 -->
  <testcase name="logoutSanity2" time="0.0" classname="sanity.SanityTestCase2">
    <ignored/>
  </testcase> <!-- logoutSanity2 -->
  <testcase name="logoutSanity3" time="0.0" classname="sanity.SanityTestCase3">
    <ignored/>
  </testcase> <!-- logoutSanity3 -->
</testsuite> <!-- firstclass -->
