<?xml version="1.0" encoding="UTF-8"?>
<!-- Generated by org.testng.reporters.JUnitXMLReporter -->
<testsuite hostname="A6145221" ignored="0" name="Test1" tests="12" failures="0" timestamp="17 Apr 2019 10:53:29 GMT" time="0.087" errors="0">
  <testcase name="homeAcceptance1" time="0.014" classname="acceptanceTesting.AcceptanceTestcase1"/>
  <testcase name="loginAcceptance1" time="0.001" classname="acceptanceTesting.AcceptanceTestcase1"/>
  <testcase name="logoutAcceptance1" time="0.001" classname="acceptanceTesting.AcceptanceTestcase1"/>
  <testcase name="searchAcceptance1" time="0.002" classname="acceptanceTesting.AcceptanceTestcase1"/>
  <testcase name="homeAcceptance2" time="0.001" classname="acceptanceTesting.AcceptanceTestcase2"/>
  <testcase name="loginAcceptance2" time="0.001" classname="acceptanceTesting.AcceptanceTestcase2"/>
  <testcase name="logoutAcceptance2" time="0.0" classname="acceptanceTesting.AcceptanceTestcase2"/>
  <testcase name="searchAcceptance2" time="0.001" classname="acceptanceTesting.AcceptanceTestcase2"/>
  <testcase name="homeAcceptance3" time="0.002" classname="acceptanceTesting.AcceptanceTestcase3"/>
  <testcase name="loginAcceptance3" time="0.001" classname="acceptanceTesting.AcceptanceTestcase3"/>
  <testcase name="logoutAcceptance3" time="0.001" classname="acceptanceTesting.AcceptanceTestcase3"/>
  <testcase name="searchAcceptance3" time="0.001" classname="acceptanceTesting.AcceptanceTestcase3"/>
</testsuite> <!-- Test1 -->
