<?xml version="1.0" encoding="UTF-8"?>
<!-- Generated by org.testng.reporters.JUnitXMLReporter -->
<testsuite hostname="A6145221" ignored="0" name="Test3" tests="12" failures="0" timestamp="17 Apr 2019 10:53:29 GMT" time="0.105" errors="0">
  <testcase name="homeSanity1" time="0.014" classname="sanity.SanityTestCase1"/>
  <testcase name="loginSanity1" time="0.002" classname="sanity.SanityTestCase1"/>
  <testcase name="logoutSanity1" time="0.002" classname="sanity.SanityTestCase1"/>
  <testcase name="searchSanity1" time="0.002" classname="sanity.SanityTestCase1"/>
  <testcase name="homeSanity2" time="0.002" classname="sanity.SanityTestCase2"/>
  <testcase name="loginSanity2" time="0.001" classname="sanity.SanityTestCase2"/>
  <testcase name="logoutSanity2" time="0.002" classname="sanity.SanityTestCase2"/>
  <testcase name="searchSanity2" time="0.005" classname="sanity.SanityTestCase2"/>
  <testcase name="homeSanity3" time="0.003" classname="sanity.SanityTestCase3"/>
  <testcase name="loginSanity3" time="0.002" classname="sanity.SanityTestCase3"/>
  <testcase name="logoutSanity3" time="0.001" classname="sanity.SanityTestCase3"/>
  <testcase name="searchSanity3" time="0.0" classname="sanity.SanityTestCase3"/>
</testsuite> <!-- Test3 -->
