<?xml version="1.0" encoding="UTF-8"?>
<!-- Generated by org.testng.reporters.JUnitXMLReporter -->
<testsuite hostname="A6145221" ignored="0" name="Test" tests="6" failures="0" timestamp="18 Apr 2019 03:21:42 GMT" time="0.063" errors="0">
  <testcase name="homeAcceptance1" time="0.0" classname="sample.AcceptanceTestcase1"/>
  <testcase name="loginAcceptance1" time="0.0" classname="sample.AcceptanceTestcase1"/>
  <testcase name="homeAcceptance2" time="0.0" classname="sample.AcceptanceTestcase2"/>
  <testcase name="loginAcceptance2" time="0.0" classname="sample.AcceptanceTestcase2"/>
  <testcase name="logoutAcceptance2" time="0.0" classname="sample.AcceptanceTestcase2"/>
  <testcase name="searchAcceptance2" time="0.0" classname="sample.AcceptanceTestcase2"/>
</testsuite> <!-- Test -->
