<?xml version="1.0" encoding="UTF-8"?>
<!-- Generated by org.testng.reporters.JUnitXMLReporter -->
<testsuite hostname="A6145221" ignored="12" tests="0" failures="0" timestamp="17 Apr 2019 10:53:29 GMT" time="0.006" errors="0">
  <testcase name="loginSystemTesting1" time="0.0" classname="systemTesting.SystemTestCase1">
    <ignored/>
  </testcase> <!-- loginSystemTesting1 -->
  <testcase name="logoutSystemTesting1" time="0.0" classname="systemTesting.SystemTestCase1">
    <ignored/>
  </testcase> <!-- logoutSystemTesting1 -->
  <testcase name="logoutSystemTesting3" time="0.0" classname="systemTesting.SystemTestCase3">
    <ignored/>
  </testcase> <!-- logoutSystemTesting3 -->
  <testcase name="loginSystemTesting2" time="0.0" classname="systemTesting.SystemTestCase2">
    <ignored/>
  </testcase> <!-- loginSystemTesting2 -->
  <testcase name="searchSystemTesting3" time="0.0" classname="systemTesting.SystemTestCase3">
    <ignored/>
  </testcase> <!-- searchSystemTesting3 -->
  <testcase name="loginSystemTesting3" time="0.0" classname="systemTesting.SystemTestCase3">
    <ignored/>
  </testcase> <!-- loginSystemTesting3 -->
  <testcase name="homeSystemTesting1" time="0.0" classname="systemTesting.SystemTestCase1">
    <ignored/>
  </testcase> <!-- homeSystemTesting1 -->
  <testcase name="searchSystemTesting1" time="0.0" classname="systemTesting.SystemTestCase1">
    <ignored/>
  </testcase> <!-- searchSystemTesting1 -->
  <testcase name="searchSystemTesting2" time="0.0" classname="systemTesting.SystemTestCase2">
    <ignored/>
  </testcase> <!-- searchSystemTesting2 -->
  <testcase name="logoutSystemTesting2" time="0.0" classname="systemTesting.SystemTestCase2">
    <ignored/>
  </testcase> <!-- logoutSystemTesting2 -->
  <testcase name="homeSystemTesting2" time="0.0" classname="systemTesting.SystemTestCase2">
    <ignored/>
  </testcase> <!-- homeSystemTesting2 -->
  <testcase name="homeSystemTesting3" time="0.0" classname="systemTesting.SystemTestCase3">
    <ignored/>
  </testcase> <!-- homeSystemTesting3 -->
</testsuite>
