<?xml version="1.0" encoding="UTF-8"?>
<!-- Generated by org.testng.reporters.JUnitXMLReporter -->
<testsuite hostname="A6145221" ignored="0" name="Test2" tests="12" failures="0" timestamp="17 Apr 2019 10:53:29 GMT" time="0.105" errors="0">
  <testcase name="homeRegression1" time="0.015" classname="regression.RegressionTestCase1"/>
  <testcase name="loginRegression1" time="0.002" classname="regression.RegressionTestCase1"/>
  <testcase name="logoutRegression1" time="0.002" classname="regression.RegressionTestCase1"/>
  <testcase name="searchRegression1" time="0.002" classname="regression.RegressionTestCase1"/>
  <testcase name="homeRegression2" time="0.003" classname="regression.RegressionTestCase2"/>
  <testcase name="loginRegression2" time="0.001" classname="regression.RegressionTestCase2"/>
  <testcase name="logoutRegression2" time="0.002" classname="regression.RegressionTestCase2"/>
  <testcase name="searchRegression2" time="0.004" classname="regression.RegressionTestCase2"/>
  <testcase name="homeRegression3" time="0.001" classname="regression.RegressionTestCase3"/>
  <testcase name="loginRegression3" time="0.001" classname="regression.RegressionTestCase3"/>
  <testcase name="logoutRegression3" time="0.001" classname="regression.RegressionTestCase3"/>
  <testcase name="searchRegression3" time="0.001" classname="regression.RegressionTestCase3"/>
</testsuite> <!-- Test2 -->
