<?xml version="1.0" encoding="UTF-8"?>
<!-- Generated by org.testng.reporters.JUnitXMLReporter -->
<testsuite hostname="A6145221" ignored="1" name="Test" tests="8" failures="4" timestamp="22 Apr 2019 16:16:30 GMT" time="0.673" errors="0">
  <testcase name="am1" time="0.0" classname="mypack.Testscript1"/>
  <testcase name="bm2" time="0.015" classname="mypack.Testscript1">
    <failure type="java.lang.AssertionError" message="expected [true] but found [false]">
      <![CDATA[java.lang.AssertionError: expected [true] but found [false]
at mypack.Testscript1.bm2(Testscript1.java:19)
... Removed 29 stack frames]]>
    </failure>
  </testcase> <!-- bm2 -->
  <testcase name="cm1" time="0.0" classname="mypack.Testscript1"/>
  <testcase name="dm2" time="0.0" classname="mypack.Testscript1">
    <failure type="java.lang.AssertionError" message="expected [true] but found [false]">
      <![CDATA[java.lang.AssertionError: expected [true] but found [false]
at mypack.Testscript1.dm2(Testscript1.java:30)
... Removed 29 stack frames]]>
    </failure>
  </testcase> <!-- dm2 -->
  <testcase name="atest" time="0.0" classname="mypack.Testscript2"/>
  <testcase name="btest" time="0.015" classname="mypack.Testscript2">
    <failure type="java.lang.AssertionError" message="expected [true] but found [false]">
      <![CDATA[java.lang.AssertionError: expected [true] but found [false]
at mypack.Testscript2.btest(Testscript2.java:19)
... Removed 29 stack frames]]>
    </failure>
  </testcase> <!-- btest -->
  <testcase name="ctest" time="0.0" classname="mypack.Testscript2"/>
  <testcase name="dtest" time="0.0" classname="mypack.Testscript2">
    <failure type="java.lang.AssertionError" message="expected [true] but found [false]">
      <![CDATA[java.lang.AssertionError: expected [true] but found [false]
at mypack.Testscript2.dtest(Testscript2.java:30)
... Removed 29 stack frames]]>
    </failure>
  </testcase> <!-- dtest -->
  <testcase name="@BeforeSuite getExtent" time="0.0" classname="mypack.Extenthelper">
    <ignored/>
  </testcase> <!-- @BeforeSuite getExtent -->
</testsuite> <!-- Test -->
